2024-06-11T08:32:25.668Z | error | jwt expired | {"NODE_ENV":"development"}

TokenExpiredError: jwt expired
    at /Users/maximlison/Documents/Documenten - MacBook Pro/School/Toegepaste informatica 2/Semester 2/Software Development II/Web/Backend nieuw/2024-backend-g02-24/node_modules/jsonwebtoken/verify.js:190:21
    at getSecret (/Users/maximlison/Documents/Documenten - MacBook Pro/School/Toegepaste informatica 2/Semester 2/Software Development II/Web/Backend nieuw/2024-backend-g02-24/node_modules/jsonwebtoken/verify.js:97:14)
    at Object.module.exports [as verify] (/Users/maximlison/Documents/Documenten - MacBook Pro/School/Toegepaste informatica 2/Semester 2/Software Development II/Web/Backend nieuw/2024-backend-g02-24/node_modules/jsonwebtoken/verify.js:101:10)
    at /Users/maximlison/Documents/Documenten - MacBook Pro/School/Toegepaste informatica 2/Semester 2/Software Development II/Web/Backend nieuw/2024-backend-g02-24/src/core/jwt.ts:74:9
    at new Promise (<anonymous>)
    at verifyJWT (/Users/maximlison/Documents/Documenten - MacBook Pro/School/Toegepaste informatica 2/Semester 2/Software Development II/Web/Backend nieuw/2024-backend-g02-24/src/core/jwt.ts:73:10)
    at /Users/maximlison/Documents/Documenten - MacBook Pro/School/Toegepaste informatica 2/Semester 2/Software Development II/Web/Backend nieuw/2024-backend-g02-24/src/service/user.ts:63:37
    at Generator.next (<anonymous>)
    at /Users/maximlison/Documents/Documenten - MacBook Pro/School/Toegepaste informatica 2/Semester 2/Software Development II/Web/Backend nieuw/2024-backend-g02-24/src/service/user.ts:31:71
    at new Promise (<anonymous>)

2024-06-11T08:32:25.676Z | error | Error occurred while handling a request | {"NODE_ENV":"development"}
2024-06-11T08:32:25.680Z | error | jwt expired | {"NODE_ENV":"development"}

TokenExpiredError: jwt expired
    at /Users/maximlison/Documents/Documenten - MacBook Pro/School/Toegepaste informatica 2/Semester 2/Software Development II/Web/Backend nieuw/2024-backend-g02-24/node_modules/jsonwebtoken/verify.js:190:21
    at getSecret (/Users/maximlison/Documents/Documenten - MacBook Pro/School/Toegepaste informatica 2/Semester 2/Software Development II/Web/Backend nieuw/2024-backend-g02-24/node_modules/jsonwebtoken/verify.js:97:14)
    at Object.module.exports [as verify] (/Users/maximlison/Documents/Documenten - MacBook Pro/School/Toegepaste informatica 2/Semester 2/Software Development II/Web/Backend nieuw/2024-backend-g02-24/node_modules/jsonwebtoken/verify.js:101:10)
    at /Users/maximlison/Documents/Documenten - MacBook Pro/School/Toegepaste informatica 2/Semester 2/Software Development II/Web/Backend nieuw/2024-backend-g02-24/src/core/jwt.ts:74:9
    at new Promise (<anonymous>)
    at verifyJWT (/Users/maximlison/Documents/Documenten - MacBook Pro/School/Toegepaste informatica 2/Semester 2/Software Development II/Web/Backend nieuw/2024-backend-g02-24/src/core/jwt.ts:73:10)
    at /Users/maximlison/Documents/Documenten - MacBook Pro/School/Toegepaste informatica 2/Semester 2/Software Development II/Web/Backend nieuw/2024-backend-g02-24/src/service/user.ts:63:37
    at Generator.next (<anonymous>)
    at /Users/maximlison/Documents/Documenten - MacBook Pro/School/Toegepaste informatica 2/Semester 2/Software Development II/Web/Backend nieuw/2024-backend-g02-24/src/service/user.ts:31:71
    at new Promise (<anonymous>)

2024-06-11T08:32:25.682Z | error | Error occurred while handling a request | {"NODE_ENV":"development"}
2024-06-11T08:32:25.687Z | error | jwt expired | {"NODE_ENV":"development"}

TokenExpiredError: jwt expired
    at /Users/maximlison/Documents/Documenten - MacBook Pro/School/Toegepaste informatica 2/Semester 2/Software Development II/Web/Backend nieuw/2024-backend-g02-24/node_modules/jsonwebtoken/verify.js:190:21
    at getSecret (/Users/maximlison/Documents/Documenten - MacBook Pro/School/Toegepaste informatica 2/Semester 2/Software Development II/Web/Backend nieuw/2024-backend-g02-24/node_modules/jsonwebtoken/verify.js:97:14)
    at Object.module.exports [as verify] (/Users/maximlison/Documents/Documenten - MacBook Pro/School/Toegepaste informatica 2/Semester 2/Software Development II/Web/Backend nieuw/2024-backend-g02-24/node_modules/jsonwebtoken/verify.js:101:10)
    at /Users/maximlison/Documents/Documenten - MacBook Pro/School/Toegepaste informatica 2/Semester 2/Software Development II/Web/Backend nieuw/2024-backend-g02-24/src/core/jwt.ts:74:9
    at new Promise (<anonymous>)
    at verifyJWT (/Users/maximlison/Documents/Documenten - MacBook Pro/School/Toegepaste informatica 2/Semester 2/Software Development II/Web/Backend nieuw/2024-backend-g02-24/src/core/jwt.ts:73:10)
    at /Users/maximlison/Documents/Documenten - MacBook Pro/School/Toegepaste informatica 2/Semester 2/Software Development II/Web/Backend nieuw/2024-backend-g02-24/src/service/user.ts:63:37
    at Generator.next (<anonymous>)
    at /Users/maximlison/Documents/Documenten - MacBook Pro/School/Toegepaste informatica 2/Semester 2/Software Development II/Web/Backend nieuw/2024-backend-g02-24/src/service/user.ts:31:71
    at new Promise (<anonymous>)

2024-06-11T08:32:25.688Z | error | Error occurred while handling a request | {"NODE_ENV":"development"}
2024-06-11T08:32:26.731Z | error | jwt expired | {"NODE_ENV":"development"}

TokenExpiredError: jwt expired
    at /Users/maximlison/Documents/Documenten - MacBook Pro/School/Toegepaste informatica 2/Semester 2/Software Development II/Web/Backend nieuw/2024-backend-g02-24/node_modules/jsonwebtoken/verify.js:190:21
    at getSecret (/Users/maximlison/Documents/Documenten - MacBook Pro/School/Toegepaste informatica 2/Semester 2/Software Development II/Web/Backend nieuw/2024-backend-g02-24/node_modules/jsonwebtoken/verify.js:97:14)
    at Object.module.exports [as verify] (/Users/maximlison/Documents/Documenten - MacBook Pro/School/Toegepaste informatica 2/Semester 2/Software Development II/Web/Backend nieuw/2024-backend-g02-24/node_modules/jsonwebtoken/verify.js:101:10)
    at /Users/maximlison/Documents/Documenten - MacBook Pro/School/Toegepaste informatica 2/Semester 2/Software Development II/Web/Backend nieuw/2024-backend-g02-24/src/core/jwt.ts:74:9
    at new Promise (<anonymous>)
    at verifyJWT (/Users/maximlison/Documents/Documenten - MacBook Pro/School/Toegepaste informatica 2/Semester 2/Software Development II/Web/Backend nieuw/2024-backend-g02-24/src/core/jwt.ts:73:10)
    at /Users/maximlison/Documents/Documenten - MacBook Pro/School/Toegepaste informatica 2/Semester 2/Software Development II/Web/Backend nieuw/2024-backend-g02-24/src/service/user.ts:63:37
    at Generator.next (<anonymous>)
    at /Users/maximlison/Documents/Documenten - MacBook Pro/School/Toegepaste informatica 2/Semester 2/Software Development II/Web/Backend nieuw/2024-backend-g02-24/src/service/user.ts:31:71
    at new Promise (<anonymous>)

2024-06-11T08:32:26.731Z | error | Error occurred while handling a request | {"NODE_ENV":"development"}
2024-06-11T08:32:26.735Z | error | jwt expired | {"NODE_ENV":"development"}

TokenExpiredError: jwt expired
    at /Users/maximlison/Documents/Documenten - MacBook Pro/School/Toegepaste informatica 2/Semester 2/Software Development II/Web/Backend nieuw/2024-backend-g02-24/node_modules/jsonwebtoken/verify.js:190:21
    at getSecret (/Users/maximlison/Documents/Documenten - MacBook Pro/School/Toegepaste informatica 2/Semester 2/Software Development II/Web/Backend nieuw/2024-backend-g02-24/node_modules/jsonwebtoken/verify.js:97:14)
    at Object.module.exports [as verify] (/Users/maximlison/Documents/Documenten - MacBook Pro/School/Toegepaste informatica 2/Semester 2/Software Development II/Web/Backend nieuw/2024-backend-g02-24/node_modules/jsonwebtoken/verify.js:101:10)
    at /Users/maximlison/Documents/Documenten - MacBook Pro/School/Toegepaste informatica 2/Semester 2/Software Development II/Web/Backend nieuw/2024-backend-g02-24/src/core/jwt.ts:74:9
    at new Promise (<anonymous>)
    at verifyJWT (/Users/maximlison/Documents/Documenten - MacBook Pro/School/Toegepaste informatica 2/Semester 2/Software Development II/Web/Backend nieuw/2024-backend-g02-24/src/core/jwt.ts:73:10)
    at /Users/maximlison/Documents/Documenten - MacBook Pro/School/Toegepaste informatica 2/Semester 2/Software Development II/Web/Backend nieuw/2024-backend-g02-24/src/service/user.ts:63:37
    at Generator.next (<anonymous>)
    at /Users/maximlison/Documents/Documenten - MacBook Pro/School/Toegepaste informatica 2/Semester 2/Software Development II/Web/Backend nieuw/2024-backend-g02-24/src/service/user.ts:31:71
    at new Promise (<anonymous>)

2024-06-11T08:32:26.736Z | error | Error occurred while handling a request | {"NODE_ENV":"development"}
2024-06-11T08:32:26.742Z | error | jwt expired | {"NODE_ENV":"development"}

TokenExpiredError: jwt expired
    at /Users/maximlison/Documents/Documenten - MacBook Pro/School/Toegepaste informatica 2/Semester 2/Software Development II/Web/Backend nieuw/2024-backend-g02-24/node_modules/jsonwebtoken/verify.js:190:21
    at getSecret (/Users/maximlison/Documents/Documenten - MacBook Pro/School/Toegepaste informatica 2/Semester 2/Software Development II/Web/Backend nieuw/2024-backend-g02-24/node_modules/jsonwebtoken/verify.js:97:14)
    at Object.module.exports [as verify] (/Users/maximlison/Documents/Documenten - MacBook Pro/School/Toegepaste informatica 2/Semester 2/Software Development II/Web/Backend nieuw/2024-backend-g02-24/node_modules/jsonwebtoken/verify.js:101:10)
    at /Users/maximlison/Documents/Documenten - MacBook Pro/School/Toegepaste informatica 2/Semester 2/Software Development II/Web/Backend nieuw/2024-backend-g02-24/src/core/jwt.ts:74:9
    at new Promise (<anonymous>)
    at verifyJWT (/Users/maximlison/Documents/Documenten - MacBook Pro/School/Toegepaste informatica 2/Semester 2/Software Development II/Web/Backend nieuw/2024-backend-g02-24/src/core/jwt.ts:73:10)
    at /Users/maximlison/Documents/Documenten - MacBook Pro/School/Toegepaste informatica 2/Semester 2/Software Development II/Web/Backend nieuw/2024-backend-g02-24/src/service/user.ts:63:37
    at Generator.next (<anonymous>)
    at /Users/maximlison/Documents/Documenten - MacBook Pro/School/Toegepaste informatica 2/Semester 2/Software Development II/Web/Backend nieuw/2024-backend-g02-24/src/service/user.ts:31:71
    at new Promise (<anonymous>)

2024-06-11T08:32:26.743Z | error | Error occurred while handling a request | {"NODE_ENV":"development"}
2024-06-11T08:32:28.737Z | error | jwt expired | {"NODE_ENV":"development"}

TokenExpiredError: jwt expired
    at /Users/maximlison/Documents/Documenten - MacBook Pro/School/Toegepaste informatica 2/Semester 2/Software Development II/Web/Backend nieuw/2024-backend-g02-24/node_modules/jsonwebtoken/verify.js:190:21
    at getSecret (/Users/maximlison/Documents/Documenten - MacBook Pro/School/Toegepaste informatica 2/Semester 2/Software Development II/Web/Backend nieuw/2024-backend-g02-24/node_modules/jsonwebtoken/verify.js:97:14)
    at Object.module.exports [as verify] (/Users/maximlison/Documents/Documenten - MacBook Pro/School/Toegepaste informatica 2/Semester 2/Software Development II/Web/Backend nieuw/2024-backend-g02-24/node_modules/jsonwebtoken/verify.js:101:10)
    at /Users/maximlison/Documents/Documenten - MacBook Pro/School/Toegepaste informatica 2/Semester 2/Software Development II/Web/Backend nieuw/2024-backend-g02-24/src/core/jwt.ts:74:9
    at new Promise (<anonymous>)
    at verifyJWT (/Users/maximlison/Documents/Documenten - MacBook Pro/School/Toegepaste informatica 2/Semester 2/Software Development II/Web/Backend nieuw/2024-backend-g02-24/src/core/jwt.ts:73:10)
    at /Users/maximlison/Documents/Documenten - MacBook Pro/School/Toegepaste informatica 2/Semester 2/Software Development II/Web/Backend nieuw/2024-backend-g02-24/src/service/user.ts:63:37
    at Generator.next (<anonymous>)
    at /Users/maximlison/Documents/Documenten - MacBook Pro/School/Toegepaste informatica 2/Semester 2/Software Development II/Web/Backend nieuw/2024-backend-g02-24/src/service/user.ts:31:71
    at new Promise (<anonymous>)

2024-06-11T08:32:28.738Z | error | Error occurred while handling a request | {"NODE_ENV":"development"}
2024-06-11T08:32:28.741Z | error | jwt expired | {"NODE_ENV":"development"}

TokenExpiredError: jwt expired
    at /Users/maximlison/Documents/Documenten - MacBook Pro/School/Toegepaste informatica 2/Semester 2/Software Development II/Web/Backend nieuw/2024-backend-g02-24/node_modules/jsonwebtoken/verify.js:190:21
    at getSecret (/Users/maximlison/Documents/Documenten - MacBook Pro/School/Toegepaste informatica 2/Semester 2/Software Development II/Web/Backend nieuw/2024-backend-g02-24/node_modules/jsonwebtoken/verify.js:97:14)
    at Object.module.exports [as verify] (/Users/maximlison/Documents/Documenten - MacBook Pro/School/Toegepaste informatica 2/Semester 2/Software Development II/Web/Backend nieuw/2024-backend-g02-24/node_modules/jsonwebtoken/verify.js:101:10)
    at /Users/maximlison/Documents/Documenten - MacBook Pro/School/Toegepaste informatica 2/Semester 2/Software Development II/Web/Backend nieuw/2024-backend-g02-24/src/core/jwt.ts:74:9
    at new Promise (<anonymous>)
    at verifyJWT (/Users/maximlison/Documents/Documenten - MacBook Pro/School/Toegepaste informatica 2/Semester 2/Software Development II/Web/Backend nieuw/2024-backend-g02-24/src/core/jwt.ts:73:10)
    at /Users/maximlison/Documents/Documenten - MacBook Pro/School/Toegepaste informatica 2/Semester 2/Software Development II/Web/Backend nieuw/2024-backend-g02-24/src/service/user.ts:63:37
    at Generator.next (<anonymous>)
    at /Users/maximlison/Documents/Documenten - MacBook Pro/School/Toegepaste informatica 2/Semester 2/Software Development II/Web/Backend nieuw/2024-backend-g02-24/src/service/user.ts:31:71
    at new Promise (<anonymous>)

2024-06-11T08:32:28.742Z | error | Error occurred while handling a request | {"NODE_ENV":"development"}
2024-06-11T08:32:28.748Z | error | jwt expired | {"NODE_ENV":"development"}

TokenExpiredError: jwt expired
    at /Users/maximlison/Documents/Documenten - MacBook Pro/School/Toegepaste informatica 2/Semester 2/Software Development II/Web/Backend nieuw/2024-backend-g02-24/node_modules/jsonwebtoken/verify.js:190:21
    at getSecret (/Users/maximlison/Documents/Documenten - MacBook Pro/School/Toegepaste informatica 2/Semester 2/Software Development II/Web/Backend nieuw/2024-backend-g02-24/node_modules/jsonwebtoken/verify.js:97:14)
    at Object.module.exports [as verify] (/Users/maximlison/Documents/Documenten - MacBook Pro/School/Toegepaste informatica 2/Semester 2/Software Development II/Web/Backend nieuw/2024-backend-g02-24/node_modules/jsonwebtoken/verify.js:101:10)
    at /Users/maximlison/Documents/Documenten - MacBook Pro/School/Toegepaste informatica 2/Semester 2/Software Development II/Web/Backend nieuw/2024-backend-g02-24/src/core/jwt.ts:74:9
    at new Promise (<anonymous>)
    at verifyJWT (/Users/maximlison/Documents/Documenten - MacBook Pro/School/Toegepaste informatica 2/Semester 2/Software Development II/Web/Backend nieuw/2024-backend-g02-24/src/core/jwt.ts:73:10)
    at /Users/maximlison/Documents/Documenten - MacBook Pro/School/Toegepaste informatica 2/Semester 2/Software Development II/Web/Backend nieuw/2024-backend-g02-24/src/service/user.ts:63:37
    at Generator.next (<anonymous>)
    at /Users/maximlison/Documents/Documenten - MacBook Pro/School/Toegepaste informatica 2/Semester 2/Software Development II/Web/Backend nieuw/2024-backend-g02-24/src/service/user.ts:31:71
    at new Promise (<anonymous>)

2024-06-11T08:32:28.749Z | error | Error occurred while handling a request | {"NODE_ENV":"development"}
2024-06-11T08:32:32.743Z | error | jwt expired | {"NODE_ENV":"development"}

TokenExpiredError: jwt expired
    at /Users/maximlison/Documents/Documenten - MacBook Pro/School/Toegepaste informatica 2/Semester 2/Software Development II/Web/Backend nieuw/2024-backend-g02-24/node_modules/jsonwebtoken/verify.js:190:21
    at getSecret (/Users/maximlison/Documents/Documenten - MacBook Pro/School/Toegepaste informatica 2/Semester 2/Software Development II/Web/Backend nieuw/2024-backend-g02-24/node_modules/jsonwebtoken/verify.js:97:14)
    at Object.module.exports [as verify] (/Users/maximlison/Documents/Documenten - MacBook Pro/School/Toegepaste informatica 2/Semester 2/Software Development II/Web/Backend nieuw/2024-backend-g02-24/node_modules/jsonwebtoken/verify.js:101:10)
    at /Users/maximlison/Documents/Documenten - MacBook Pro/School/Toegepaste informatica 2/Semester 2/Software Development II/Web/Backend nieuw/2024-backend-g02-24/src/core/jwt.ts:74:9
    at new Promise (<anonymous>)
    at verifyJWT (/Users/maximlison/Documents/Documenten - MacBook Pro/School/Toegepaste informatica 2/Semester 2/Software Development II/Web/Backend nieuw/2024-backend-g02-24/src/core/jwt.ts:73:10)
    at /Users/maximlison/Documents/Documenten - MacBook Pro/School/Toegepaste informatica 2/Semester 2/Software Development II/Web/Backend nieuw/2024-backend-g02-24/src/service/user.ts:63:37
    at Generator.next (<anonymous>)
    at /Users/maximlison/Documents/Documenten - MacBook Pro/School/Toegepaste informatica 2/Semester 2/Software Development II/Web/Backend nieuw/2024-backend-g02-24/src/service/user.ts:31:71
    at new Promise (<anonymous>)

2024-06-11T08:32:32.743Z | error | Error occurred while handling a request | {"NODE_ENV":"development"}
2024-06-11T08:32:32.748Z | error | jwt expired | {"NODE_ENV":"development"}

TokenExpiredError: jwt expired
    at /Users/maximlison/Documents/Documenten - MacBook Pro/School/Toegepaste informatica 2/Semester 2/Software Development II/Web/Backend nieuw/2024-backend-g02-24/node_modules/jsonwebtoken/verify.js:190:21
    at getSecret (/Users/maximlison/Documents/Documenten - MacBook Pro/School/Toegepaste informatica 2/Semester 2/Software Development II/Web/Backend nieuw/2024-backend-g02-24/node_modules/jsonwebtoken/verify.js:97:14)
    at Object.module.exports [as verify] (/Users/maximlison/Documents/Documenten - MacBook Pro/School/Toegepaste informatica 2/Semester 2/Software Development II/Web/Backend nieuw/2024-backend-g02-24/node_modules/jsonwebtoken/verify.js:101:10)
    at /Users/maximlison/Documents/Documenten - MacBook Pro/School/Toegepaste informatica 2/Semester 2/Software Development II/Web/Backend nieuw/2024-backend-g02-24/src/core/jwt.ts:74:9
    at new Promise (<anonymous>)
    at verifyJWT (/Users/maximlison/Documents/Documenten - MacBook Pro/School/Toegepaste informatica 2/Semester 2/Software Development II/Web/Backend nieuw/2024-backend-g02-24/src/core/jwt.ts:73:10)
    at /Users/maximlison/Documents/Documenten - MacBook Pro/School/Toegepaste informatica 2/Semester 2/Software Development II/Web/Backend nieuw/2024-backend-g02-24/src/service/user.ts:63:37
    at Generator.next (<anonymous>)
    at /Users/maximlison/Documents/Documenten - MacBook Pro/School/Toegepaste informatica 2/Semester 2/Software Development II/Web/Backend nieuw/2024-backend-g02-24/src/service/user.ts:31:71
    at new Promise (<anonymous>)

2024-06-11T08:32:32.749Z | error | Error occurred while handling a request | {"NODE_ENV":"development"}
2024-06-11T08:32:32.754Z | error | jwt expired | {"NODE_ENV":"development"}

TokenExpiredError: jwt expired
    at /Users/maximlison/Documents/Documenten - MacBook Pro/School/Toegepaste informatica 2/Semester 2/Software Development II/Web/Backend nieuw/2024-backend-g02-24/node_modules/jsonwebtoken/verify.js:190:21
    at getSecret (/Users/maximlison/Documents/Documenten - MacBook Pro/School/Toegepaste informatica 2/Semester 2/Software Development II/Web/Backend nieuw/2024-backend-g02-24/node_modules/jsonwebtoken/verify.js:97:14)
    at Object.module.exports [as verify] (/Users/maximlison/Documents/Documenten - MacBook Pro/School/Toegepaste informatica 2/Semester 2/Software Development II/Web/Backend nieuw/2024-backend-g02-24/node_modules/jsonwebtoken/verify.js:101:10)
    at /Users/maximlison/Documents/Documenten - MacBook Pro/School/Toegepaste informatica 2/Semester 2/Software Development II/Web/Backend nieuw/2024-backend-g02-24/src/core/jwt.ts:74:9
    at new Promise (<anonymous>)
    at verifyJWT (/Users/maximlison/Documents/Documenten - MacBook Pro/School/Toegepaste informatica 2/Semester 2/Software Development II/Web/Backend nieuw/2024-backend-g02-24/src/core/jwt.ts:73:10)
    at /Users/maximlison/Documents/Documenten - MacBook Pro/School/Toegepaste informatica 2/Semester 2/Software Development II/Web/Backend nieuw/2024-backend-g02-24/src/service/user.ts:63:37
    at Generator.next (<anonymous>)
    at /Users/maximlison/Documents/Documenten - MacBook Pro/School/Toegepaste informatica 2/Semester 2/Software Development II/Web/Backend nieuw/2024-backend-g02-24/src/service/user.ts:31:71
    at new Promise (<anonymous>)

2024-06-11T08:32:32.755Z | error | Error occurred while handling a request | {"NODE_ENV":"development"}
2024-06-11T08:32:44.326Z | error | Error occurred while handling a request | {"NODE_ENV":"development"}
2024-06-11T08:32:44.330Z | error | Error occurred while handling a request | {"NODE_ENV":"development"}
2024-06-11T08:32:45.343Z | error | Error occurred while handling a request | {"NODE_ENV":"development"}
2024-06-11T08:32:45.345Z | error | Error occurred while handling a request | {"NODE_ENV":"development"}
2024-06-11T08:32:47.365Z | error | Error occurred while handling a request | {"NODE_ENV":"development"}
2024-06-11T08:32:47.367Z | error | Error occurred while handling a request | {"NODE_ENV":"development"}
2024-06-11T08:32:48.161Z | error | Error occurred while handling a request | {"NODE_ENV":"development"}
2024-06-11T08:32:49.173Z | error | Error occurred while handling a request | {"NODE_ENV":"development"}
2024-06-11T08:32:51.181Z | error | Error occurred while handling a request | {"NODE_ENV":"development"}
2024-06-11T08:32:51.372Z | error | Error occurred while handling a request | {"NODE_ENV":"development"}
2024-06-11T08:32:51.374Z | error | Error occurred while handling a request | {"NODE_ENV":"development"}
2024-06-11T08:32:55.186Z | error | Error occurred while handling a request | {"NODE_ENV":"development"}
2024-06-11T08:33:02.765Z | error | Error occurred while handling a request | {"NODE_ENV":"development"}
2024-06-11T08:33:03.774Z | error | Error occurred while handling a request | {"NODE_ENV":"development"}
2024-06-11T08:33:05.783Z | error | Error occurred while handling a request | {"NODE_ENV":"development"}
2024-06-11T08:36:45.864Z | error | Error occurred while handling a request | {"NODE_ENV":"development"}
2024-06-11T08:36:45.875Z | error | Error occurred while handling a request | {"NODE_ENV":"development"}
2024-06-11T08:36:46.893Z | error | Error occurred while handling a request | {"NODE_ENV":"development"}
2024-06-11T08:36:46.895Z | error | Error occurred while handling a request | {"NODE_ENV":"development"}
2024-06-11T08:36:48.902Z | error | Error occurred while handling a request | {"NODE_ENV":"development"}
2024-06-11T08:36:48.904Z | error | Error occurred while handling a request | {"NODE_ENV":"development"}
2024-06-11T08:36:52.923Z | error | Error occurred while handling a request | {"NODE_ENV":"development"}
2024-06-11T08:36:52.925Z | error | Error occurred while handling a request | {"NODE_ENV":"development"}
2024-06-11T08:37:22.940Z | error | Error occurred while handling a request | {"NODE_ENV":"development"}
2024-06-11T08:37:22.943Z | error | Error occurred while handling a request | {"NODE_ENV":"development"}
2024-06-11T08:37:23.951Z | error | Error occurred while handling a request | {"NODE_ENV":"development"}
2024-06-11T08:37:23.953Z | error | Error occurred while handling a request | {"NODE_ENV":"development"}
2024-06-11T08:37:25.957Z | error | Error occurred while handling a request | {"NODE_ENV":"development"}
2024-06-11T08:37:25.962Z | error | Error occurred while handling a request | {"NODE_ENV":"development"}
2024-06-11T08:37:29.964Z | error | Error occurred while handling a request | {"NODE_ENV":"development"}
2024-06-11T08:37:29.970Z | error | Error occurred while handling a request | {"NODE_ENV":"development"}
2024-06-11T08:39:29.972Z | error | Error occurred while handling a request | {"NODE_ENV":"development"}
2024-06-11T08:39:29.977Z | error | Error occurred while handling a request | {"NODE_ENV":"development"}
2024-06-11T08:39:30.980Z | error | Error occurred while handling a request | {"NODE_ENV":"development"}
2024-06-11T08:39:30.986Z | error | Error occurred while handling a request | {"NODE_ENV":"development"}
2024-06-11T08:39:32.988Z | error | Error occurred while handling a request | {"NODE_ENV":"development"}
2024-06-11T08:39:32.993Z | error | Error occurred while handling a request | {"NODE_ENV":"development"}
2024-06-11T08:39:36.994Z | error | Error occurred while handling a request | {"NODE_ENV":"development"}
2024-06-11T08:39:36.999Z | error | Error occurred while handling a request | {"NODE_ENV":"development"}
2024-06-11T08:42:02.506Z | error | Error occurred while handling a request | {"NODE_ENV":"development"}
2024-06-11T08:42:02.509Z | error | Error occurred while handling a request | {"NODE_ENV":"development"}
2024-06-11T08:42:02.516Z | error | Error occurred while handling a request | {"NODE_ENV":"development"}
2024-06-11T08:42:03.515Z | error | Error occurred while handling a request | {"NODE_ENV":"development"}
2024-06-11T08:42:03.520Z | error | Error occurred while handling a request | {"NODE_ENV":"development"}
2024-06-11T08:42:03.561Z | error | Error occurred while handling a request | {"NODE_ENV":"development"}
2024-06-11T08:42:05.522Z | error | Error occurred while handling a request | {"NODE_ENV":"development"}
2024-06-11T08:42:05.526Z | error | Error occurred while handling a request | {"NODE_ENV":"development"}
2024-06-11T08:42:05.569Z | error | Error occurred while handling a request | {"NODE_ENV":"development"}
2024-06-11T08:42:09.529Z | error | Error occurred while handling a request | {"NODE_ENV":"development"}
2024-06-11T08:42:09.534Z | error | Error occurred while handling a request | {"NODE_ENV":"development"}
2024-06-11T08:42:09.576Z | error | Error occurred while handling a request | {"NODE_ENV":"development"}
2024-06-11T08:44:02.461Z | error | Error occurred while handling a request | {"NODE_ENV":"development"}
2024-06-11T08:44:02.486Z | error | Error occurred while handling a request | {"NODE_ENV":"development"}
2024-06-11T08:44:02.514Z | error | Error occurred while handling a request | {"NODE_ENV":"development"}
2024-06-11T08:44:03.475Z | error | Error occurred while handling a request | {"NODE_ENV":"development"}
2024-06-11T08:44:03.498Z | error | Error occurred while handling a request | {"NODE_ENV":"development"}
2024-06-11T08:44:03.527Z | error | Error occurred while handling a request | {"NODE_ENV":"development"}
2024-06-11T08:44:05.481Z | error | Error occurred while handling a request | {"NODE_ENV":"development"}
2024-06-11T08:44:05.506Z | error | Error occurred while handling a request | {"NODE_ENV":"development"}
2024-06-11T08:44:05.533Z | error | Error occurred while handling a request | {"NODE_ENV":"development"}
2024-06-11T08:44:09.489Z | error | Error occurred while handling a request | {"NODE_ENV":"development"}
2024-06-11T08:44:09.515Z | error | Error occurred while handling a request | {"NODE_ENV":"development"}
2024-06-11T08:44:09.540Z | error | Error occurred while handling a request | {"NODE_ENV":"development"}
2024-06-11T08:44:39.496Z | error | Error occurred while handling a request | {"NODE_ENV":"development"}
2024-06-11T08:44:39.521Z | error | Error occurred while handling a request | {"NODE_ENV":"development"}
2024-06-11T08:44:39.547Z | error | Error occurred while handling a request | {"NODE_ENV":"development"}
2024-06-11T08:44:40.503Z | error | Error occurred while handling a request | {"NODE_ENV":"development"}
2024-06-11T08:44:40.529Z | error | Error occurred while handling a request | {"NODE_ENV":"development"}
2024-06-11T08:44:40.555Z | error | Error occurred while handling a request | {"NODE_ENV":"development"}
2024-06-11T08:44:42.510Z | error | Error occurred while handling a request | {"NODE_ENV":"development"}
2024-06-11T08:44:42.536Z | error | Error occurred while handling a request | {"NODE_ENV":"development"}
2024-06-11T08:44:42.562Z | error | Error occurred while handling a request | {"NODE_ENV":"development"}
2024-06-11T08:44:46.517Z | error | Error occurred while handling a request | {"NODE_ENV":"development"}
2024-06-11T08:44:46.543Z | error | Error occurred while handling a request | {"NODE_ENV":"development"}
2024-06-11T08:44:46.569Z | error | Error occurred while handling a request | {"NODE_ENV":"development"}
2024-06-11T08:46:46.578Z | error | Error occurred while handling a request | {"NODE_ENV":"development"}
2024-06-11T08:46:47.588Z | error | Error occurred while handling a request | {"NODE_ENV":"development"}
2024-06-11T08:46:49.595Z | error | Error occurred while handling a request | {"NODE_ENV":"development"}
2024-06-11T08:46:53.603Z | error | Error occurred while handling a request | {"NODE_ENV":"development"}
2024-06-11T08:47:03.538Z | error | Error occurred while handling a request | {"NODE_ENV":"development"}
2024-06-11T08:47:03.542Z | error | Error occurred while handling a request | {"NODE_ENV":"development"}
2024-06-11T08:47:04.554Z | error | Error occurred while handling a request | {"NODE_ENV":"development"}
2024-06-11T08:47:04.557Z | error | Error occurred while handling a request | {"NODE_ENV":"development"}
2024-06-11T08:47:06.563Z | error | Error occurred while handling a request | {"NODE_ENV":"development"}
2024-06-11T08:47:06.565Z | error | Error occurred while handling a request | {"NODE_ENV":"development"}
2024-06-11T08:47:10.571Z | error | Error occurred while handling a request | {"NODE_ENV":"development"}
2024-06-11T08:47:10.572Z | error | Error occurred while handling a request | {"NODE_ENV":"development"}
2024-06-11T08:47:23.612Z | error | Error occurred while handling a request | {"NODE_ENV":"development"}
2024-06-11T08:47:24.620Z | error | Error occurred while handling a request | {"NODE_ENV":"development"}
2024-06-11T08:47:26.628Z | error | Error occurred while handling a request | {"NODE_ENV":"development"}
2024-06-11T08:47:30.636Z | error | Error occurred while handling a request | {"NODE_ENV":"development"}
2024-06-11T08:47:40.580Z | error | Error occurred while handling a request | {"NODE_ENV":"development"}
2024-06-11T08:47:40.583Z | error | Error occurred while handling a request | {"NODE_ENV":"development"}
2024-06-11T08:47:41.589Z | error | Error occurred while handling a request | {"NODE_ENV":"development"}
2024-06-11T08:47:41.591Z | error | Error occurred while handling a request | {"NODE_ENV":"development"}
2024-06-11T08:47:43.596Z | error | Error occurred while handling a request | {"NODE_ENV":"development"}
2024-06-11T08:47:43.598Z | error | Error occurred while handling a request | {"NODE_ENV":"development"}
2024-06-11T08:47:47.604Z | error | Error occurred while handling a request | {"NODE_ENV":"development"}
2024-06-11T08:47:47.606Z | error | Error occurred while handling a request | {"NODE_ENV":"development"}
2024-06-11T08:48:00.644Z | error | Error occurred while handling a request | {"NODE_ENV":"development"}
2024-06-11T08:48:01.653Z | error | Error occurred while handling a request | {"NODE_ENV":"development"}
2024-06-11T08:48:03.659Z | error | Error occurred while handling a request | {"NODE_ENV":"development"}
2024-06-11T08:48:07.665Z | error | Error occurred while handling a request | {"NODE_ENV":"development"}
2024-06-11T08:50:37.672Z | error | Error occurred while handling a request | {"NODE_ENV":"development"}
2024-06-11T08:50:38.680Z | error | Error occurred while handling a request | {"NODE_ENV":"development"}
2024-06-11T08:50:40.688Z | error | Error occurred while handling a request | {"NODE_ENV":"development"}
2024-06-11T08:50:44.694Z | error | Error occurred while handling a request | {"NODE_ENV":"development"}
2024-06-11T08:50:47.612Z | error | Error occurred while handling a request | {"NODE_ENV":"development"}
2024-06-11T08:50:47.615Z | error | Error occurred while handling a request | {"NODE_ENV":"development"}
2024-06-11T08:50:48.621Z | error | Error occurred while handling a request | {"NODE_ENV":"development"}
2024-06-11T08:50:48.624Z | error | Error occurred while handling a request | {"NODE_ENV":"development"}
2024-06-11T08:50:50.629Z | error | Error occurred while handling a request | {"NODE_ENV":"development"}
2024-06-11T08:50:50.632Z | error | Error occurred while handling a request | {"NODE_ENV":"development"}
2024-06-11T08:50:54.635Z | error | Error occurred while handling a request | {"NODE_ENV":"development"}
2024-06-11T08:50:54.639Z | error | Error occurred while handling a request | {"NODE_ENV":"development"}
2024-06-11T08:51:14.703Z | error | Error occurred while handling a request | {"NODE_ENV":"development"}
2024-06-11T08:51:15.710Z | error | Error occurred while handling a request | {"NODE_ENV":"development"}
2024-06-11T08:51:17.717Z | error | Error occurred while handling a request | {"NODE_ENV":"development"}
2024-06-11T08:51:21.725Z | error | Error occurred while handling a request | {"NODE_ENV":"development"}
2024-06-11T08:51:24.643Z | error | Error occurred while handling a request | {"NODE_ENV":"development"}
2024-06-11T08:51:24.648Z | error | Error occurred while handling a request | {"NODE_ENV":"development"}
2024-06-11T08:51:25.654Z | error | Error occurred while handling a request | {"NODE_ENV":"development"}
2024-06-11T08:51:25.656Z | error | Error occurred while handling a request | {"NODE_ENV":"development"}
2024-06-11T08:51:27.663Z | error | Error occurred while handling a request | {"NODE_ENV":"development"}
2024-06-11T08:51:27.665Z | error | Error occurred while handling a request | {"NODE_ENV":"development"}
2024-06-11T08:51:31.671Z | error | Error occurred while handling a request | {"NODE_ENV":"development"}
2024-06-11T08:51:31.673Z | error | Error occurred while handling a request | {"NODE_ENV":"development"}
2024-06-11T08:51:51.733Z | error | Error occurred while handling a request | {"NODE_ENV":"development"}
2024-06-11T08:51:52.741Z | error | Error occurred while handling a request | {"NODE_ENV":"development"}
2024-06-11T08:51:54.748Z | error | Error occurred while handling a request | {"NODE_ENV":"development"}
2024-06-11T08:51:58.757Z | error | Error occurred while handling a request | {"NODE_ENV":"development"}
2024-06-11T08:52:01.680Z | error | Error occurred while handling a request | {"NODE_ENV":"development"}
2024-06-11T08:52:01.684Z | error | Error occurred while handling a request | {"NODE_ENV":"development"}
2024-06-11T08:52:02.687Z | error | Error occurred while handling a request | {"NODE_ENV":"development"}
2024-06-11T08:52:02.691Z | error | Error occurred while handling a request | {"NODE_ENV":"development"}
2024-06-11T08:52:04.694Z | error | Error occurred while handling a request | {"NODE_ENV":"development"}
2024-06-11T08:52:04.698Z | error | Error occurred while handling a request | {"NODE_ENV":"development"}
2024-06-11T08:52:08.703Z | error | Error occurred while handling a request | {"NODE_ENV":"development"}
2024-06-11T08:52:08.708Z | error | Error occurred while handling a request | {"NODE_ENV":"development"}
2024-06-11T08:52:28.765Z | error | Error occurred while handling a request | {"NODE_ENV":"development"}
2024-06-11T08:52:29.773Z | error | Error occurred while handling a request | {"NODE_ENV":"development"}
2024-06-11T08:52:31.781Z | error | Error occurred while handling a request | {"NODE_ENV":"development"}
2024-06-11T08:52:35.788Z | error | Error occurred while handling a request | {"NODE_ENV":"development"}
2024-06-11T08:52:38.712Z | error | Error occurred while handling a request | {"NODE_ENV":"development"}
2024-06-11T08:52:38.717Z | error | Error occurred while handling a request | {"NODE_ENV":"development"}
2024-06-11T08:52:39.721Z | error | Error occurred while handling a request | {"NODE_ENV":"development"}
2024-06-11T08:52:39.726Z | error | Error occurred while handling a request | {"NODE_ENV":"development"}
2024-06-11T08:54:35.833Z | error | Error occurred while handling a request | {"NODE_ENV":"development"}
2024-06-11T08:54:36.856Z | error | Error occurred while handling a request | {"NODE_ENV":"development"}
2024-06-11T08:54:38.863Z | error | Error occurred while handling a request | {"NODE_ENV":"development"}
2024-06-11T08:54:42.871Z | error | Error occurred while handling a request | {"NODE_ENV":"development"}
2024-06-11T08:55:12.894Z | error | Error occurred while handling a request | {"NODE_ENV":"development"}
2024-06-11T08:55:13.918Z | error | Error occurred while handling a request | {"NODE_ENV":"development"}
2024-06-11T08:57:55.812Z | error | Error occurred while handling a request | {"NODE_ENV":"development"}
2024-06-11T08:57:55.830Z | error | Error occurred while handling a request | {"NODE_ENV":"development"}
2024-06-11T08:57:55.857Z | error | Error occurred while handling a request | {"NODE_ENV":"development"}
2024-06-11T08:57:56.821Z | error | Error occurred while handling a request | {"NODE_ENV":"development"}
2024-06-11T08:57:56.906Z | error | Error occurred while handling a request | {"NODE_ENV":"development"}
2024-06-11T08:57:56.910Z | error | Error occurred while handling a request | {"NODE_ENV":"development"}
2024-06-11T08:57:58.844Z | error | Error occurred while handling a request | {"NODE_ENV":"development"}
2024-06-11T08:57:58.916Z | error | Error occurred while handling a request | {"NODE_ENV":"development"}
2024-06-11T08:57:58.918Z | error | Error occurred while handling a request | {"NODE_ENV":"development"}
2024-06-11T08:58:02.851Z | error | Error occurred while handling a request | {"NODE_ENV":"development"}
2024-06-11T08:58:02.925Z | error | Error occurred while handling a request | {"NODE_ENV":"development"}
2024-06-11T08:58:02.926Z | error | Error occurred while handling a request | {"NODE_ENV":"development"}
2024-06-11T08:58:34.303Z | error | Error occurred while handling a request | {"NODE_ENV":"development"}
2024-06-11T08:58:34.305Z | error | Error occurred while handling a request | {"NODE_ENV":"development"}
2024-06-11T08:58:34.309Z | error | Error occurred while handling a request | {"NODE_ENV":"development"}
2024-06-11T08:58:35.311Z | error | Error occurred while handling a request | {"NODE_ENV":"development"}
2024-06-11T08:58:35.314Z | error | Error occurred while handling a request | {"NODE_ENV":"development"}
2024-06-11T08:58:35.318Z | error | Error occurred while handling a request | {"NODE_ENV":"development"}
2024-06-11T08:58:37.321Z | error | Error occurred while handling a request | {"NODE_ENV":"development"}
2024-06-11T08:58:37.323Z | error | Error occurred while handling a request | {"NODE_ENV":"development"}
2024-06-11T08:58:37.344Z | error | Error occurred while handling a request | {"NODE_ENV":"development"}
2024-06-11T08:58:41.344Z | error | Error occurred while handling a request | {"NODE_ENV":"development"}
2024-06-11T08:58:41.346Z | error | Error occurred while handling a request | {"NODE_ENV":"development"}
2024-06-11T08:58:41.354Z | error | Error occurred while handling a request | {"NODE_ENV":"development"}
2024-06-11T08:58:50.366Z | error | Error occurred while handling a request | {"NODE_ENV":"development"}
2024-06-11T08:58:50.400Z | error | Error occurred while handling a request | {"NODE_ENV":"development"}
2024-06-11T08:58:50.405Z | error | Error occurred while handling a request | {"NODE_ENV":"development"}
2024-06-11T08:58:51.394Z | error | Error occurred while handling a request | {"NODE_ENV":"development"}
2024-06-11T08:58:51.408Z | error | Error occurred while handling a request | {"NODE_ENV":"development"}
2024-06-11T08:58:51.413Z | error | Error occurred while handling a request | {"NODE_ENV":"development"}
2024-06-11T08:58:53.424Z | error | Error occurred while handling a request | {"NODE_ENV":"development"}
2024-06-11T08:58:53.447Z | error | Error occurred while handling a request | {"NODE_ENV":"development"}
2024-06-11T08:58:53.449Z | error | Error occurred while handling a request | {"NODE_ENV":"development"}
2024-06-11T08:58:57.468Z | error | Error occurred while handling a request | {"NODE_ENV":"development"}
2024-06-11T08:58:57.494Z | error | Error occurred while handling a request | {"NODE_ENV":"development"}
2024-06-11T08:58:57.510Z | error | Error occurred while handling a request | {"NODE_ENV":"development"}
2024-06-11T08:59:27.501Z | error | Error occurred while handling a request | {"NODE_ENV":"development"}
2024-06-11T08:59:27.519Z | error | Error occurred while handling a request | {"NODE_ENV":"development"}
2024-06-11T08:59:27.543Z | error | Error occurred while handling a request | {"NODE_ENV":"development"}
2024-06-11T08:59:28.522Z | error | Error occurred while handling a request | {"NODE_ENV":"development"}
2024-06-11T08:59:28.540Z | error | Error occurred while handling a request | {"NODE_ENV":"development"}
2024-06-11T08:59:28.558Z | error | Error occurred while handling a request | {"NODE_ENV":"development"}
2024-06-11T08:59:30.538Z | error | Error occurred while handling a request | {"NODE_ENV":"development"}
2024-06-11T08:59:30.555Z | error | Error occurred while handling a request | {"NODE_ENV":"development"}
2024-06-11T08:59:30.573Z | error | Error occurred while handling a request | {"NODE_ENV":"development"}
2024-06-11T08:59:34.556Z | error | Error occurred while handling a request | {"NODE_ENV":"development"}
2024-06-11T08:59:34.570Z | error | Error occurred while handling a request | {"NODE_ENV":"development"}
2024-06-11T08:59:34.589Z | error | Error occurred while handling a request | {"NODE_ENV":"development"}
2024-06-11T09:02:35.621Z | error | Error occurred while handling a request | {"NODE_ENV":"development"}
2024-06-11T09:02:35.623Z | error | Error occurred while handling a request | {"NODE_ENV":"development"}
2024-06-11T09:02:35.630Z | error | Error occurred while handling a request | {"NODE_ENV":"development"}
2024-06-11T09:02:36.631Z | error | Error occurred while handling a request | {"NODE_ENV":"development"}
2024-06-11T09:02:36.635Z | error | Error occurred while handling a request | {"NODE_ENV":"development"}
2024-06-11T09:02:36.639Z | error | Error occurred while handling a request | {"NODE_ENV":"development"}
2024-06-11T09:14:32.160Z | error | Error occurred while handling a request | {"NODE_ENV":"development"}
2024-06-11T09:14:32.163Z | error | Error occurred while handling a request | {"NODE_ENV":"development"}
2024-06-11T09:14:32.165Z | error | Error occurred while handling a request | {"NODE_ENV":"development"}
2024-06-11T09:15:41.790Z | error | Error occurred while handling a request | {"NODE_ENV":"development"}
2024-06-11T09:15:41.792Z | error | Error occurred while handling a request | {"NODE_ENV":"development"}
2024-06-11T09:15:41.795Z | error | Error occurred while handling a request | {"NODE_ENV":"development"}
2024-06-11T09:27:05.049Z | error | Error occurred while handling a request | {"NODE_ENV":"development"}
2024-06-11T09:27:05.057Z | error | Error occurred while handling a request | {"NODE_ENV":"development"}
2024-06-11T09:27:05.060Z | error | Error occurred while handling a request | {"NODE_ENV":"development"}
2024-06-11T09:27:06.058Z | error | Error occurred while handling a request | {"NODE_ENV":"development"}
2024-06-11T09:27:06.118Z | error | Error occurred while handling a request | {"NODE_ENV":"development"}
2024-06-11T09:27:06.130Z | error | Error occurred while handling a request | {"NODE_ENV":"development"}
2024-06-11T09:30:37.662Z | error | Error occurred while handling a request | {"NODE_ENV":"development"}
2024-06-11T09:30:37.667Z | error | Error occurred while handling a request | {"NODE_ENV":"development"}
2024-06-11T09:30:37.673Z | error | Error occurred while handling a request | {"NODE_ENV":"development"}
